

times in msec
 clock   self+sourced   self:  sourced script
 clock   elapsed:              other lines

000.010  000.010: --- NVIM STARTING ---
000.130  000.120: event init
000.221  000.090: early init
000.286  000.066: locale set
000.340  000.053: init first window
000.645  000.305: inits 1
000.655  000.011: window checked
000.658  000.003: parsing arguments
001.132  000.071  000.071: require('vim.shared')
001.292  000.088  000.088: require('vim._meta')
001.295  000.158  000.070: require('vim._editor')
001.296  000.262  000.032: require('vim._init_packages')
001.298  000.378: init lua interpreter
001.336  000.038: expanding arguments
001.387  000.051: inits 2
001.661  000.273: init highlight
001.662  000.001: waiting for UI
002.876  001.214: done waiting for UI
002.888  000.012: init screen for UI
003.006  000.118: init default mappings
003.029  000.023: init default autocommands
003.644  000.061  000.061: sourcing /usr/share/nvim/runtime/ftplugin.vim
003.746  000.035  000.035: sourcing /usr/share/nvim/runtime/indent.vim
003.802  000.012  000.012: sourcing /usr/share/nvim/archlinux.vim
003.806  000.036  000.024: sourcing /etc/xdg/nvim/sysinit.vim
004.501  000.541  000.541: require('config.utils')
005.562  000.191  000.191: require('packer.util')
005.603  001.098  000.907: require('packer')
005.857  000.251  000.251: require('packer.log')
006.443  000.154  000.154: require('packer.async')
006.746  000.096  000.096: require('packer.result')
006.751  000.305  000.209: require('packer.jobs')
006.756  000.872  000.414: require('packer.plugin_utils')
006.986  000.219  000.219: require('packer.snapshot')
010.390  000.095  000.095: require('vim.treesitter.language')
010.415  000.635  000.540: require('vim.treesitter.query')
011.863  000.328  000.328: require('vim.treesitter.languagetree')
011.917  000.501  000.173: require('vim.treesitter')
012.055  001.152  000.650: require('nvim-treesitter.parsers')
012.240  000.182  000.182: require('nvim-treesitter.utils')
012.249  001.632  000.299: require('nvim-treesitter.ts_utils')
012.257  001.839  000.207: require('nvim-treesitter.tsrange')
012.321  000.062  000.062: require('nvim-treesitter.caching')
012.334  002.877  000.340: require('nvim-treesitter.query')
012.351  003.404  000.527: require('nvim-treesitter.configs')
013.014  000.162  000.162: require('nvim-treesitter.info')
013.237  000.220  000.220: require('nvim-treesitter.shell_command_selectors')
013.268  000.902  000.520: require('nvim-treesitter.install')
013.661  000.139  000.139: require('onedark')
014.443  000.132  000.132: require('onedark')
015.844  000.126  000.126: require('onedark.palette')
015.880  000.221  000.095: require('onedark.colors')
015.987  000.100  000.100: require('onedark.util')
016.107  001.247  000.926: require('onedark.highlights')
018.175  000.107  000.107: require('onedark.terminal')
018.189  003.978  002.492: sourcing /home/pajlada/.local/share/nvim/site/pack/packer/start/onedark.nvim/colors/onedark.lua
018.340  000.071  000.071: sourcing /usr/share/nvim/runtime/ftoff.vim
019.770  001.381  001.381: sourcing /home/pajlada/.local/share/nvim/site/autoload/plug.vim
024.926  000.086  000.086: sourcing /home/pajlada/.local/share/nvim/plugged/vim-go/ftdetect/gofiletype.vim
025.044  000.032  000.032: sourcing /home/pajlada/.local/share/nvim/plugged/rust.vim/ftdetect/rust.vim
025.109  000.016  000.016: sourcing /home/pajlada/.local/share/nvim/plugged/typescript-vim/ftdetect/typescript.vim
025.161  000.014  000.014: sourcing /home/pajlada/.local/share/nvim/plugged/graphviz.vim/ftdetect/dot.vim
025.235  000.031  000.031: sourcing /home/pajlada/.local/share/nvim/plugged/Jenkinsfile-vim-syntax/ftdetect/Jenkinsfile.vim
025.329  000.039  000.039: sourcing /home/pajlada/.local/share/nvim/plugged/vim-terraform/ftdetect/hcl.vim
025.389  000.023  000.023: sourcing /home/pajlada/.local/share/nvim/plugged/vim-graphql/ftdetect/graphql.vim
025.541  000.010  000.010: sourcing /usr/share/vim/vimfiles/ftdetect/augeas.vim
025.584  000.029  000.029: sourcing /usr/share/vim/vimfiles/ftdetect/nginx.vim
025.879  001.207  000.927: sourcing /usr/share/nvim/runtime/filetype.lua
025.945  000.016  000.016: sourcing /usr/share/nvim/runtime/filetype.vim
026.120  000.009  000.009: sourcing /usr/share/nvim/runtime/ftplugin.vim
026.271  000.008  000.008: sourcing /usr/share/nvim/runtime/indent.vim
026.617  000.145  000.145: sourcing /usr/share/nvim/runtime/syntax/synload.vim
026.704  000.387  000.243: sourcing /usr/share/nvim/runtime/syntax/syntax.vim
027.271  023.441  008.956: sourcing /home/pajlada/.config/nvim/init.vim
027.279  000.677: sourcing vimrc file(s)
028.096  000.021  000.021: sourcing /home/pajlada/.local/share/nvim/plugged/isort.vim/plugin/commands.vim
029.303  000.445  000.445: sourcing /home/pajlada/.local/share/nvim/plugged/vim-go/autoload/go/config.vim
029.865  000.326  000.326: sourcing /home/pajlada/.local/share/nvim/plugged/vim-go/autoload/go/util.vim
029.903  001.719  000.948: sourcing /home/pajlada/.local/share/nvim/plugged/vim-go/plugin/go.vim
030.249  000.159  000.159: sourcing /home/pajlada/.local/share/nvim/plugged/ctrlp.vim/autoload/ctrlp/mrufiles.vim
030.327  000.354  000.195: sourcing /home/pajlada/.local/share/nvim/plugged/ctrlp.vim/plugin/ctrlp.vim
030.680  000.273  000.273: sourcing /home/pajlada/.local/share/nvim/plugged/editorconfig-vim/plugin/editorconfig.vim
030.881  000.073  000.073: sourcing /home/pajlada/.local/share/nvim/plugged/vim-operator-user/autoload/operator/user.vim
031.003  000.246  000.173: sourcing /home/pajlada/.local/share/nvim/plugged/vim-clang-format/plugin/clang_format.vim
031.093  000.023  000.023: sourcing /home/pajlada/.local/share/nvim/plugged/CurtineIncSw.vim/plugin/CurtineIncSw.vim
031.438  000.292  000.292: sourcing /home/pajlada/.local/share/nvim/plugged/auto-pairs/plugin/auto-pairs.vim
031.577  000.055  000.055: sourcing /home/pajlada/.local/share/nvim/plugged/rust.vim/plugin/cargo.vim
031.625  000.032  000.032: sourcing /home/pajlada/.local/share/nvim/plugged/rust.vim/plugin/rust.vim
031.912  000.096  000.096: sourcing /home/pajlada/.local/share/nvim/plugged/coc.nvim/autoload/coc/rpc.vim
032.236  000.249  000.249: sourcing /home/pajlada/.local/share/nvim/plugged/coc.nvim/autoload/coc/util.vim
032.641  000.160  000.160: sourcing /home/pajlada/.local/share/nvim/plugged/coc.nvim/autoload/coc/client.vim
037.814  006.130  005.625: sourcing /home/pajlada/.local/share/nvim/plugged/coc.nvim/plugin/coc.vim
037.980  000.034  000.034: sourcing /home/pajlada/.local/share/nvim/plugged/async.vim/plugin/async.vim
038.206  000.028  000.028: sourcing /home/pajlada/.local/share/nvim/plugged/tcomment_vim/autoload/tcomment/deprecated.vim
040.404  002.350  002.322: sourcing /home/pajlada/.local/share/nvim/plugged/tcomment_vim/plugin/tcomment.vim
040.992  000.472  000.472: sourcing /home/pajlada/.local/share/nvim/plugged/HowMuch/plugin/HowMuch.vim
041.285  000.141  000.141: sourcing /home/pajlada/.local/share/nvim/plugged/markdown-preview.nvim/plugin/mkdp.vim
041.692  000.151  000.151: sourcing /usr/share/nvim/runtime/plugin/gzip.vim
041.726  000.010  000.010: sourcing /usr/share/nvim/runtime/plugin/health.vim
041.779  000.038  000.038: sourcing /usr/share/nvim/runtime/plugin/man.vim
042.381  000.200  000.200: sourcing /usr/share/nvim/runtime/pack/dist/opt/matchit/plugin/matchit.vim
042.472  000.677  000.478: sourcing /usr/share/nvim/runtime/plugin/matchit.vim
042.716  000.227  000.227: sourcing /usr/share/nvim/runtime/plugin/matchparen.vim
043.143  000.403  000.403: sourcing /usr/share/nvim/runtime/plugin/netrwPlugin.vim
043.348  000.011  000.011: sourcing /home/pajlada/.local/share/nvim/rplugin.vim
043.367  000.191  000.181: sourcing /usr/share/nvim/runtime/plugin/rplugin.vim
043.441  000.057  000.057: sourcing /usr/share/nvim/runtime/plugin/shada.vim
043.486  000.023  000.023: sourcing /usr/share/nvim/runtime/plugin/spellfile.vim
043.603  000.099  000.099: sourcing /usr/share/nvim/runtime/plugin/tarPlugin.vim
043.762  000.118  000.118: sourcing /usr/share/nvim/runtime/plugin/tohtml.vim
043.804  000.019  000.019: sourcing /usr/share/nvim/runtime/plugin/tutor.vim
043.978  000.153  000.153: sourcing /usr/share/nvim/runtime/plugin/zipPlugin.vim
044.654  000.543  000.543: sourcing /home/pajlada/.config/nvim/plugin/packer_compiled.lua
045.895  000.072  000.072: require('nvim-treesitter.statusline')
046.031  000.133  000.133: require('nvim-treesitter.query_predicates')
046.034  000.850  000.644: require('nvim-treesitter')
047.257  000.370  000.370: require('vim.treesitter.highlighter')
047.275  000.717  000.347: require('nvim-treesitter.highlight')
047.582  002.464  000.897: sourcing /home/pajlada/.local/share/nvim/plugged/nvim-treesitter/plugin/nvim-treesitter.lua
047.871  000.093  000.093: require('nvim-treesitter-playground')
047.998  000.319  000.226: sourcing /home/pajlada/.local/share/nvim/plugged/playground/plugin/nvim-treesitter-playground.lua
048.217  003.304: loading rtp plugins
048.463  000.070  000.070: sourcing /home/pajlada/.local/share/nvim/site/pack/packer/start/nvim-treesitter/plugin/nvim-treesitter.lua
048.701  000.109  000.109: require('nvim-treesitter-endwise')
048.766  000.204  000.095: sourcing /home/pajlada/.local/share/nvim/site/pack/packer/start/nvim-treesitter-endwise/plugin/nvim-treesitter-endwise.lua
048.973  000.115  000.115: require('nvim-treesitter-refactor')
049.348  000.506  000.391: sourcing /home/pajlada/.local/share/nvim/site/pack/packer/start/nvim-treesitter-refactor/plugin/nvim-treesitter-refactor.vim
049.622  000.146  000.146: require('nvim-treesitter-textsubjects')
049.756  000.292  000.146: sourcing /home/pajlada/.local/share/nvim/site/pack/packer/start/nvim-treesitter-textsubjects/plugin/nvim-treesitter-textsubjects.vim
049.951  000.661: loading packages
050.005  000.054: loading after plugins
050.027  000.022: inits 3
051.872  001.845: reading ShaDa
052.013  000.141: opening buffers
053.034  001.021: BufEnter autocommands
053.037  000.003: editing files in windows
053.198  000.161: VimEnter autocommands
053.203  000.004: UIEnter autocommands
053.204  000.002: before starting main loop
053.628  000.129  000.129: sourcing /home/pajlada/.local/share/nvim/plugged/coc.nvim/autoload/coc.vim
053.820  000.095  000.095: sourcing /home/pajlada/.local/share/nvim/plugged/coc.nvim/autoload/coc/compat.vim
054.006  000.577: first screen update
054.008  000.002: --- NVIM STARTED ---


times in msec
 clock   self+sourced   self:  sourced script
 clock   elapsed:              other lines

000.014  000.014: --- NVIM STARTING ---
000.167  000.153: event init
000.286  000.119: early init
000.376  000.089: locale set
000.442  000.067: init first window
000.880  000.438: inits 1
000.894  000.014: window checked
000.960  000.066: parsing arguments
001.893  000.164  000.164: require('vim.shared')
002.272  000.200  000.200: require('vim._meta')
002.277  000.375  000.176: require('vim._editor')
002.281  000.601  000.062: require('vim._init_packages')
002.284  000.723: init lua interpreter
002.364  000.080: expanding arguments
002.466  000.102: inits 2
002.994  000.528: init highlight
002.999  000.004: waiting for UI
004.278  001.279: done waiting for UI
004.309  000.031: init screen for UI
004.539  000.230: init default mappings
004.573  000.034: init default autocommands
005.736  000.099  000.099: sourcing /usr/share/nvim/runtime/ftplugin.vim
005.922  000.074  000.074: sourcing /usr/share/nvim/runtime/indent.vim
006.037  000.021  000.021: sourcing /usr/share/nvim/archlinux.vim
006.047  000.072  000.051: sourcing /etc/xdg/nvim/sysinit.vim
007.435  001.103  001.103: require('config.utils')
009.343  000.410  000.410: require('packer.util')
009.441  001.999  001.589: require('packer')
010.101  000.654  000.654: require('packer.log')
011.415  000.338  000.338: require('packer.async')
012.075  000.207  000.207: require('packer.result')
012.085  000.661  000.454: require('packer.jobs')
012.097  001.933  000.934: require('packer.plugin_utils')
012.634  000.512  000.512: require('packer.snapshot')
016.203  000.084  000.084: require('vim.treesitter.language')
016.225  000.592  000.508: require('vim.treesitter.query')
017.347  000.255  000.255: require('vim.treesitter.languagetree')
017.378  000.382  000.127: require('vim.treesitter')
017.487  000.889  000.506: require('nvim-treesitter.parsers')
017.632  000.143  000.143: require('nvim-treesitter.utils')
017.638  001.274  000.243: require('nvim-treesitter.ts_utils')
017.643  001.416  000.142: require('nvim-treesitter.tsrange')
017.695  000.050  000.050: require('nvim-treesitter.caching')
017.704  002.389  000.332: require('nvim-treesitter.query')
017.716  002.925  000.536: require('nvim-treesitter.configs')
018.295  000.128  000.128: require('nvim-treesitter.info')
018.458  000.160  000.160: require('nvim-treesitter.shell_command_selectors')
018.479  000.694  000.406: require('nvim-treesitter.install')
018.768  000.110  000.110: require('onedark')
019.533  000.105  000.105: require('onedark')
020.635  000.112  000.112: require('onedark.palette')
020.660  000.185  000.073: require('onedark.colors')
020.740  000.076  000.076: require('onedark.util')
020.812  000.941  000.681: require('onedark.highlights')
022.676  000.079  000.079: require('onedark.terminal')
022.688  003.339  002.214: sourcing /home/pajlada/.local/share/nvim/site/pack/packer/start/onedark.nvim/colors/onedark.lua
022.803  000.056  000.056: sourcing /usr/share/nvim/runtime/ftoff.vim
024.124  001.280  001.280: sourcing /home/pajlada/.local/share/nvim/site/autoload/plug.vim
028.693  000.072  000.072: sourcing /home/pajlada/.local/share/nvim/plugged/vim-go/ftdetect/gofiletype.vim
028.794  000.027  000.027: sourcing /home/pajlada/.local/share/nvim/plugged/rust.vim/ftdetect/rust.vim
028.851  000.014  000.014: sourcing /home/pajlada/.local/share/nvim/plugged/typescript-vim/ftdetect/typescript.vim
028.897  000.012  000.012: sourcing /home/pajlada/.local/share/nvim/plugged/graphviz.vim/ftdetect/dot.vim
028.962  000.026  000.026: sourcing /home/pajlada/.local/share/nvim/plugged/Jenkinsfile-vim-syntax/ftdetect/Jenkinsfile.vim
029.043  000.034  000.034: sourcing /home/pajlada/.local/share/nvim/plugged/vim-terraform/ftdetect/hcl.vim
029.096  000.020  000.020: sourcing /home/pajlada/.local/share/nvim/plugged/vim-graphql/ftdetect/graphql.vim
029.226  000.009  000.009: sourcing /usr/share/vim/vimfiles/ftdetect/augeas.vim
029.274  000.026  000.026: sourcing /usr/share/vim/vimfiles/ftdetect/nginx.vim
029.526  001.039  000.799: sourcing /usr/share/nvim/runtime/filetype.lua
029.584  000.014  000.014: sourcing /usr/share/nvim/runtime/filetype.vim
029.732  000.008  000.008: sourcing /usr/share/nvim/runtime/ftplugin.vim
029.860  000.007  000.007: sourcing /usr/share/nvim/runtime/indent.vim
030.103  000.075  000.075: sourcing /usr/share/nvim/runtime/syntax/synload.vim
030.173  000.276  000.201: sourcing /usr/share/nvim/runtime/syntax/syntax.vim
030.510  024.413  008.463: sourcing /home/pajlada/.config/nvim/init.vim
030.515  001.285: sourcing vimrc file(s)
030.984  000.014  000.014: sourcing /home/pajlada/.local/share/nvim/plugged/isort.vim/plugin/commands.vim
032.006  000.378  000.378: sourcing /home/pajlada/.local/share/nvim/plugged/vim-go/autoload/go/config.vim
032.553  000.326  000.326: sourcing /home/pajlada/.local/share/nvim/plugged/vim-go/autoload/go/util.vim
032.604  001.566  000.862: sourcing /home/pajlada/.local/share/nvim/plugged/vim-go/plugin/go.vim
032.977  000.168  000.168: sourcing /home/pajlada/.local/share/nvim/plugged/ctrlp.vim/autoload/ctrlp/mrufiles.vim
033.058  000.376  000.208: sourcing /home/pajlada/.local/share/nvim/plugged/ctrlp.vim/plugin/ctrlp.vim
033.404  000.278  000.278: sourcing /home/pajlada/.local/share/nvim/plugged/editorconfig-vim/plugin/editorconfig.vim
033.616  000.076  000.076: sourcing /home/pajlada/.local/share/nvim/plugged/vim-operator-user/autoload/operator/user.vim
033.744  000.259  000.183: sourcing /home/pajlada/.local/share/nvim/plugged/vim-clang-format/plugin/clang_format.vim
033.842  000.025  000.025: sourcing /home/pajlada/.local/share/nvim/plugged/CurtineIncSw.vim/plugin/CurtineIncSw.vim
034.197  000.301  000.301: sourcing /home/pajlada/.local/share/nvim/plugged/auto-pairs/plugin/auto-pairs.vim
034.355  000.057  000.057: sourcing /home/pajlada/.local/share/nvim/plugged/rust.vim/plugin/cargo.vim
034.405  000.033  000.033: sourcing /home/pajlada/.local/share/nvim/plugged/rust.vim/plugin/rust.vim
034.672  000.071  000.071: sourcing /home/pajlada/.local/share/nvim/plugged/coc.nvim/autoload/coc/rpc.vim
034.993  000.249  000.249: sourcing /home/pajlada/.local/share/nvim/plugged/coc.nvim/autoload/coc/util.vim
035.384  000.149  000.149: sourcing /home/pajlada/.local/share/nvim/plugged/coc.nvim/autoload/coc/client.vim
040.136  005.670  005.202: sourcing /home/pajlada/.local/share/nvim/plugged/coc.nvim/plugin/coc.vim
040.314  000.037  000.037: sourcing /home/pajlada/.local/share/nvim/plugged/async.vim/plugin/async.vim
040.559  000.042  000.042: sourcing /home/pajlada/.local/share/nvim/plugged/tcomment_vim/autoload/tcomment/deprecated.vim
042.879  002.489  002.446: sourcing /home/pajlada/.local/share/nvim/plugged/tcomment_vim/plugin/tcomment.vim
043.480  000.513  000.513: sourcing /home/pajlada/.local/share/nvim/plugged/HowMuch/plugin/HowMuch.vim
043.769  000.132  000.132: sourcing /home/pajlada/.local/share/nvim/plugged/markdown-preview.nvim/plugin/mkdp.vim
044.166  000.144  000.144: sourcing /usr/share/nvim/runtime/plugin/gzip.vim
044.199  000.011  000.011: sourcing /usr/share/nvim/runtime/plugin/health.vim
044.249  000.036  000.036: sourcing /usr/share/nvim/runtime/plugin/man.vim
044.859  000.222  000.222: sourcing /usr/share/nvim/runtime/pack/dist/opt/matchit/plugin/matchit.vim
044.963  000.699  000.477: sourcing /usr/share/nvim/runtime/plugin/matchit.vim
045.118  000.137  000.137: sourcing /usr/share/nvim/runtime/plugin/matchparen.vim
045.480  000.338  000.338: sourcing /usr/share/nvim/runtime/plugin/netrwPlugin.vim
045.652  000.010  000.010: sourcing /home/pajlada/.local/share/nvim/rplugin.vim
045.660  000.148  000.138: sourcing /usr/share/nvim/runtime/plugin/rplugin.vim
045.734  000.056  000.056: sourcing /usr/share/nvim/runtime/plugin/shada.vim
045.778  000.022  000.022: sourcing /usr/share/nvim/runtime/plugin/spellfile.vim
045.894  000.097  000.097: sourcing /usr/share/nvim/runtime/plugin/tarPlugin.vim
046.035  000.079  000.079: sourcing /usr/share/nvim/runtime/plugin/tohtml.vim
046.073  000.017  000.017: sourcing /usr/share/nvim/runtime/plugin/tutor.vim
046.240  000.145  000.145: sourcing /usr/share/nvim/runtime/plugin/zipPlugin.vim
046.938  000.580  000.580: sourcing /home/pajlada/.config/nvim/plugin/packer_compiled.lua
048.231  000.087  000.087: require('nvim-treesitter.statusline')
048.400  000.166  000.166: require('nvim-treesitter.query_predicates')
048.404  000.917  000.663: require('nvim-treesitter')
049.462  000.344  000.344: require('vim.treesitter.highlighter')
049.474  000.632  000.288: require('nvim-treesitter.highlight')
049.782  002.377  000.828: sourcing /home/pajlada/.local/share/nvim/plugged/nvim-treesitter/plugin/nvim-treesitter.lua
050.047  000.090  000.090: require('nvim-treesitter-playground')
050.227  000.356  000.266: sourcing /home/pajlada/.local/share/nvim/plugged/playground/plugin/nvim-treesitter-playground.lua
050.458  002.952: loading rtp plugins
050.746  000.071  000.071: sourcing /home/pajlada/.local/share/nvim/site/pack/packer/start/nvim-treesitter/plugin/nvim-treesitter.lua
050.972  000.108  000.108: require('nvim-treesitter-endwise')
051.070  000.221  000.114: sourcing /home/pajlada/.local/share/nvim/site/pack/packer/start/nvim-treesitter-endwise/plugin/nvim-treesitter-endwise.lua
051.277  000.114  000.114: require('nvim-treesitter-refactor')
051.461  000.312  000.198: sourcing /home/pajlada/.local/share/nvim/site/pack/packer/start/nvim-treesitter-refactor/plugin/nvim-treesitter-refactor.vim
051.738  000.140  000.140: require('nvim-treesitter-textsubjects')
051.818  000.244  000.104: sourcing /home/pajlada/.local/share/nvim/site/pack/packer/start/nvim-treesitter-textsubjects/plugin/nvim-treesitter-textsubjects.vim
052.003  000.696: loading packages
052.056  000.053: loading after plugins
052.074  000.018: inits 3
053.914  001.839: reading ShaDa
055.516  000.851  000.851: require('vim.filetype')
057.140  000.091  000.091: sourcing /usr/share/nvim/runtime/ftplugin/c.vim
058.161  001.606  001.516: sourcing /usr/share/nvim/runtime/ftplugin/cpp.vim
059.388  000.021  000.021: sourcing /usr/share/nvim/runtime/indent/cpp.vim
061.163  001.170  001.170: sourcing /usr/share/nvim/runtime/syntax/c.vim
061.476  001.613  000.443: sourcing /usr/share/nvim/runtime/syntax/cpp.vim
062.399  000.402  000.402: sourcing /home/pajlada/.local/share/nvim/plugged/vim-clang-format/autoload/clang_format.vim
072.777  000.142  000.142: sourcing /home/pajlada/.local/share/nvim/plugged/ctrlp.vim/autoload/ctrlp/utils.vim
073.402  014.854: opening buffers
074.348  000.946: BufEnter autocommands
074.352  000.004: editing files in windows
074.497  000.145: VimEnter autocommands
074.500  000.003: UIEnter autocommands
074.501  000.001: before starting main loop
471.134  000.149  000.149: sourcing /home/pajlada/.local/share/nvim/plugged/coc.nvim/autoload/coc.vim
471.328  000.096  000.096: sourcing /home/pajlada/.local/share/nvim/plugged/coc.nvim/autoload/coc/compat.vim
471.423  396.677: first screen update
471.426  000.002: --- NVIM STARTED ---
